10:21:14 **** Incremental Build of configuration Debug for project Car_Parking_Sensor ****
make all 
Invoking: Print Size
avr-size --format=avr --mcu=atmega32 Car_Parking_Sensor.elf
AVR Memory Usage
----------------
Device: atmega32

Program:   13494 bytes (41.2% Full)
(.text + .data + .bootloader)

Data:        302 bytes (14.7% Full)
(.data + .bss + .noinit)


Finished building: sizedummy
 
10:26:58 **** Incremental Build of configuration Debug for project Car_Parking_Sensor ****
make all 
Building file: ../buzzer.c
Invoking: AVR Compiler
avr-gcc -Wall -g2 -gstabs -O0 -fpack-struct -fshort-enums -ffunction-sections -fdata-sections -std=gnu99 -funsigned-char -funsigned-bitfields -mmcu=atmega32 -DF_CPU=16000000UL -MMD -MP -MF"buzzer.d" -MT"buzzer.o" -c -o "buzzer.o" "../buzzer.c"
Finished building: ../buzzer.c
 
Building file: ../led.c
Invoking: AVR Compiler
avr-gcc -Wall -g2 -gstabs -O0 -fpack-struct -fshort-enums -ffunction-sections -fdata-sections -std=gnu99 -funsigned-char -funsigned-bitfields -mmcu=atmega32 -DF_CPU=16000000UL -MMD -MP -MF"led.d" -MT"led.o" -c -o "led.o" "../led.c"
Finished building: ../led.c
 
Building file: ../main.c
Invoking: AVR Compiler
avr-gcc -Wall -g2 -gstabs -O0 -fpack-struct -fshort-enums -ffunction-sections -fdata-sections -std=gnu99 -funsigned-char -funsigned-bitfields -mmcu=atmega32 -DF_CPU=16000000UL -MMD -MP -MF"main.d" -MT"main.o" -c -o "main.o" "../main.c"
In file included from ../main.c:17:
c:/winavr-20100110/lib/gcc/../../avr/include/util/delay.h:90:3: warning: #warning "Compiler optimizations disabled; functions from <util/delay.h> won't work as designed"
Finished building: ../main.c
 
Building file: ../ultrasonic.c
Invoking: AVR Compiler
avr-gcc -Wall -g2 -gstabs -O0 -fpack-struct -fshort-enums -ffunction-sections -fdata-sections -std=gnu99 -funsigned-char -funsigned-bitfields -mmcu=atmega32 -DF_CPU=16000000UL -MMD -MP -MF"ultrasonic.d" -MT"ultrasonic.o" -c -o "ultrasonic.o" "../ultrasonic.c"
In file included from ../ultrasonic.c:16:
c:/winavr-20100110/lib/gcc/../../avr/include/util/delay.h:90:3: warning: #warning "Compiler optimizations disabled; functions from <util/delay.h> won't work as designed"
Finished building: ../ultrasonic.c
 
Building target: Car_Parking_Sensor.elf
Invoking: AVR C Linker
avr-gcc -Wl,-Map,Car_Parking_Sensor.map -mmcu=atmega32 -o "Car_Parking_Sensor.elf"  ./buzzer.o ./gpio.o ./icu.o ./lcd.o ./led.o ./main.o ./ultrasonic.o   
Finished building target: Car_Parking_Sensor.elf
 
Invoking: AVR Create Extended Listing
avr-objdump -h -S Car_Parking_Sensor.elf  >"Car_Parking_Sensor.lss"
Finished building: Car_Parking_Sensor.lss
 
Invoking: Print Size
avr-size --format=avr --mcu=atmega32 Car_Parking_Sensor.elf
AVR Memory Usage
----------------
Device: atmega32

Program:   13494 bytes (41.2% Full)
(.text + .data + .bootloader)

Data:        302 bytes (14.7% Full)
(.data + .bss + .noinit)


Finished building: sizedummy
 
10:26:59 **** Incremental Build of configuration Debug for project Car_Parking_Sensor ****
make all 
Invoking: Print Size
avr-size --format=avr --mcu=atmega32 Car_Parking_Sensor.elf
AVR Memory Usage
----------------
Device: atmega32

Program:   13494 bytes (41.2% Full)
(.text + .data + .bootloader)

Data:        302 bytes (14.7% Full)
(.data + .bss + .noinit)


Finished building: sizedummy
 
10:26:59 **** Incremental Build of configuration Debug for project Car_Parking_Sensor ****
make all 
Invoking: Print Size
avr-size --format=avr --mcu=atmega32 Car_Parking_Sensor.elf
AVR Memory Usage
----------------
Device: atmega32

Program:   13494 bytes (41.2% Full)
(.text + .data + .bootloader)

Data:        302 bytes (14.7% Full)
(.data + .bss + .noinit)


Finished building: sizedummy
 
10:27:03 **** Incremental Build of configuration Debug for project Car_Parking_Sensor ****
make all 
Invoking: Print Size
avr-size --format=avr --mcu=atmega32 Car_Parking_Sensor.elf
AVR Memory Usage
----------------
Device: atmega32

Program:   13494 bytes (41.2% Full)
(.text + .data + .bootloader)

Data:        302 bytes (14.7% Full)
(.data + .bss + .noinit)


Finished building: sizedummy
 
10:33:38 **** Incremental Build of configuration Debug for project Car_Parking_Sensor ****
make all 
Invoking: Print Size
avr-size --format=avr --mcu=atmega32 Car_Parking_Sensor.elf
AVR Memory Usage
----------------
Device: atmega32

Program:   13494 bytes (41.2% Full)
(.text + .data + .bootloader)

Data:        302 bytes (14.7% Full)
(.data + .bss + .noinit)


Finished building: sizedummy
 
10:33:39 **** Incremental Build of configuration Debug for project Car_Parking_Sensor ****
make all 
Invoking: Print Size
avr-size --format=avr --mcu=atmega32 Car_Parking_Sensor.elf
AVR Memory Usage
----------------
Device: atmega32

Program:   13494 bytes (41.2% Full)
(.text + .data + .bootloader)

Data:        302 bytes (14.7% Full)
(.data + .bss + .noinit)


Finished building: sizedummy
 
10:33:39 **** Incremental Build of configuration Debug for project Car_Parking_Sensor ****
make all 
Invoking: Print Size
avr-size --format=avr --mcu=atmega32 Car_Parking_Sensor.elf
AVR Memory Usage
----------------
Device: atmega32

Program:   13494 bytes (41.2% Full)
(.text + .data + .bootloader)

Data:        302 bytes (14.7% Full)
(.data + .bss + .noinit)


Finished building: sizedummy
 
10:33:40 **** Incremental Build of configuration Debug for project Car_Parking_Sensor ****
make all 
Invoking: Print Size
avr-size --format=avr --mcu=atmega32 Car_Parking_Sensor.elf
AVR Memory Usage
----------------
Device: atmega32

Program:   13494 bytes (41.2% Full)
(.text + .data + .bootloader)

Data:        302 bytes (14.7% Full)
(.data + .bss + .noinit)


Finished building: sizedummy
 
